<?xml version="1.0" encoding="UTF-8"?>
<testsuite name="runner.TestRunner" time="0.054" tests="128" errors="0" skipped="0" failures="0">
  <properties>
[...]
</properties>
  <testcase name="Given I open chrome browser" classname="Scenario: Login using valid credentials 1" time="0.002"/>
  <testcase name="When I visit the qa environment" classname="Scenario: Login using valid credentials 1" time="0"/>
  <testcase name="Then I should be on the login page" classname="Scenario: Login using valid credentials 1" time="0.004"/>
  <testcase name="And I enter &quot;batch08@codegator.us.basic&quot; username" classname="Scenario: Login using valid credentials 1" time="0"/>
  <testcase name="And I enter &quot;Welcome2&quot; password" classname="Scenario: Login using valid credentials 1" time="0"/>
  <testcase name="When I click the login button" classname="Scenario: Login using valid credentials 1" time="0"/>
  <testcase name="Then I should see the home page" classname="Scenario: Login using valid credentials 1" time="0.002"/>
  <testcase name="Scenario: Login using valid credentials 1" classname="Scenario: Login using valid credentials 1" time="0.004"/>
  <testcase name="Given I open chrome browser" classname="Scenario: Login using valid credentials 2" time="0"/>
  <testcase name="When I visit the qa environment" classname="Scenario: Login using valid credentials 2" time="0"/>
  <testcase name="Then I should be on the login page" classname="Scenario: Login using valid credentials 2" time="0"/>
  <testcase name="And I enter &quot;batch08@codegator.us.basic&quot; username" classname="Scenario: Login using valid credentials 2" time="0"/>
  <testcase name="And I enter &quot;Welcome2&quot; password" classname="Scenario: Login using valid credentials 2" time="0"/>
  <testcase name="When I click the login button" classname="Scenario: Login using valid credentials 2" time="0"/>
  <testcase name="Then I should see the home page" classname="Scenario: Login using valid credentials 2" time="0"/>
  <testcase name="Scenario: Login using valid credentials 2" classname="Scenario: Login using valid credentials 2" time="0.005"/>
  <testcase name="Given I open chrome browser" classname="Scenario: Login using valid credentials 3" time="0"/>
  <testcase name="When I visit the qa environment" classname="Scenario: Login using valid credentials 3" time="0"/>
  <testcase name="Then I should be on the login page" classname="Scenario: Login using valid credentials 3" time="0.002"/>
  <testcase name="And I enter &quot;batch08@codegator.us.basic&quot; username" classname="Scenario: Login using valid credentials 3" time="0"/>
  <testcase name="And I enter &quot;Welcome2&quot; password" classname="Scenario: Login using valid credentials 3" time="0"/>
  <testcase name="When I click the login button" classname="Scenario: Login using valid credentials 3" time="0"/>
  <testcase name="Then I should see the home page" classname="Scenario: Login using valid credentials 3" time="0"/>
  <testcase name="Scenario: Login using valid credentials 3" classname="Scenario: Login using valid credentials 3" time="0.01"/>
  <testcase name="Given I open chrome browser" classname="Scenario: Login using valid credentials 4" time="0"/>
  <testcase name="When I visit the qa environment" classname="Scenario: Login using valid credentials 4" time="0"/>
  <testcase name="Then I should be on the login page" classname="Scenario: Login using valid credentials 4" time="0"/>
  <testcase name="And I enter &quot;batch08@codegator.us.basic&quot; username" classname="Scenario: Login using valid credentials 4" time="0.001"/>
  <testcase name="And I enter &quot;Welcome2&quot; password" classname="Scenario: Login using valid credentials 4" time="0"/>
  <testcase name="When I click the login button" classname="Scenario: Login using valid credentials 4" time="0.001"/>
  <testcase name="Then I should see the home page" classname="Scenario: Login using valid credentials 4" time="0"/>
  <testcase name="Scenario: Login using valid credentials 4" classname="Scenario: Login using valid credentials 4" time="0"/>
  <testcase name="Given I open chrome browser" classname="Scenario: Login using valid credentials 5" time="0"/>
  <testcase name="When I visit the qa environment" classname="Scenario: Login using valid credentials 5" time="0"/>
  <testcase name="Then I should be on the login page" classname="Scenario: Login using valid credentials 5" time="0"/>
  <testcase name="And I enter &quot;batch08@codegator.us.basic&quot; username" classname="Scenario: Login using valid credentials 5" time="0"/>
  <testcase name="And I enter &quot;Welcome2&quot; password" classname="Scenario: Login using valid credentials 5" time="0"/>
  <testcase name="When I click the login button" classname="Scenario: Login using valid credentials 5" time="0"/>
  <testcase name="Then I should see the home page" classname="Scenario: Login using valid credentials 5" time="0"/>
  <testcase name="Scenario: Login using valid credentials 5" classname="Scenario: Login using valid credentials 5" time="0"/>
  <testcase name="Given I open chrome browser" classname="Scenario: Login using valid credentials 6" time="0"/>
  <testcase name="When I visit the qa environment" classname="Scenario: Login using valid credentials 6" time="0"/>
  <testcase name="Then I should be on the login page" classname="Scenario: Login using valid credentials 6" time="0"/>
  <testcase name="And I enter &quot;batch08@codegator.us.basic&quot; username" classname="Scenario: Login using valid credentials 6" time="0"/>
  <testcase name="And I enter &quot;Welcome2&quot; password" classname="Scenario: Login using valid credentials 6" time="0"/>
  <testcase name="When I click the login button" classname="Scenario: Login using valid credentials 6" time="0"/>
  <testcase name="Then I should see the home page" classname="Scenario: Login using valid credentials 6" time="0"/>
  <testcase name="Scenario: Login using valid credentials 6" classname="Scenario: Login using valid credentials 6" time="0.001"/>
  <testcase name="Given I open chrome browser" classname="Scenario: Login using valid credentials 7" time="0"/>
  <testcase name="When I visit the qa environment" classname="Scenario: Login using valid credentials 7" time="0"/>
  <testcase name="Then I should be on the login page" classname="Scenario: Login using valid credentials 7" time="0"/>
  <testcase name="And I enter &quot;batch08@codegator.us.basic&quot; username" classname="Scenario: Login using valid credentials 7" time="0"/>
  <testcase name="And I enter &quot;Welcome2&quot; password" classname="Scenario: Login using valid credentials 7" time="0"/>
  <testcase name="When I click the login button" classname="Scenario: Login using valid credentials 7" time="0"/>
  <testcase name="Then I should see the home page" classname="Scenario: Login using valid credentials 7" time="0"/>
  <testcase name="Scenario: Login using valid credentials 7" classname="Scenario: Login using valid credentials 7" time="0"/>
  <testcase name="Given I open chrome browser" classname="Scenario: Login using valid credentials 8" time="0.001"/>
  <testcase name="When I visit the qa environment" classname="Scenario: Login using valid credentials 8" time="0"/>
  <testcase name="Then I should be on the login page" classname="Scenario: Login using valid credentials 8" time="0"/>
  <testcase name="And I enter &quot;batch08@codegator.us.basic&quot; username" classname="Scenario: Login using valid credentials 8" time="0"/>
  <testcase name="And I enter &quot;Welcome2&quot; password" classname="Scenario: Login using valid credentials 8" time="0"/>
  <testcase name="When I click the login button" classname="Scenario: Login using valid credentials 8" time="0.005"/>
  <testcase name="Then I should see the home page" classname="Scenario: Login using valid credentials 8" time="0.001"/>
  <testcase name="Scenario: Login using valid credentials 8" classname="Scenario: Login using valid credentials 8" time="0.002"/>
  <testcase name="Given I open chrome browser" classname="Scenario: Login using valid credentials 9" time="0"/>
  <testcase name="When I visit the qa environment" classname="Scenario: Login using valid credentials 9" time="0"/>
  <testcase name="Then I should be on the login page" classname="Scenario: Login using valid credentials 9" time="0"/>
  <testcase name="And I enter &quot;batch08@codegator.us.basic&quot; username" classname="Scenario: Login using valid credentials 9" time="0"/>
  <testcase name="And I enter &quot;Welcome2&quot; password" classname="Scenario: Login using valid credentials 9" time="0"/>
  <testcase name="When I click the login button" classname="Scenario: Login using valid credentials 9" time="0"/>
  <testcase name="Then I should see the home page" classname="Scenario: Login using valid credentials 9" time="0"/>
  <testcase name="Scenario: Login using valid credentials 9" classname="Scenario: Login using valid credentials 9" time="0.001"/>
  <testcase name="Given I open chrome browser" classname="Scenario: Login using valid credentials 10" time="0"/>
  <testcase name="When I visit the qa environment" classname="Scenario: Login using valid credentials 10" time="0"/>
  <testcase name="Then I should be on the login page" classname="Scenario: Login using valid credentials 10" time="0"/>
  <testcase name="And I enter &quot;batch08@codegator.us.basic&quot; username" classname="Scenario: Login using valid credentials 10" time="0"/>
  <testcase name="And I enter &quot;Welcome2&quot; password" classname="Scenario: Login using valid credentials 10" time="0"/>
  <testcase name="When I click the login button" classname="Scenario: Login using valid credentials 10" time="0"/>
  <testcase name="Then I should see the home page" classname="Scenario: Login using valid credentials 10" time="0"/>
  <testcase name="Scenario: Login using valid credentials 10" classname="Scenario: Login using valid credentials 10" time="0"/>
  <testcase name="Given I open chrome browser" classname="Scenario: Login using valid credentials 11" time="0"/>
  <testcase name="When I visit the qa environment" classname="Scenario: Login using valid credentials 11" time="0"/>
  <testcase name="Then I should be on the login page" classname="Scenario: Login using valid credentials 11" time="0"/>
  <testcase name="And I enter &quot;batch08@codegator.us.basic&quot; username" classname="Scenario: Login using valid credentials 11" time="0"/>
  <testcase name="And I enter &quot;Welcome2&quot; password" classname="Scenario: Login using valid credentials 11" time="0"/>
  <testcase name="When I click the login button" classname="Scenario: Login using valid credentials 11" time="0"/>
  <testcase name="Then I should see the home page" classname="Scenario: Login using valid credentials 11" time="0"/>
  <testcase name="Scenario: Login using valid credentials 11" classname="Scenario: Login using valid credentials 11" time="0.001"/>
  <testcase name="Given I open chrome browser" classname="Scenario: Login using valid credentials 12" time="0"/>
  <testcase name="When I visit the qa environment" classname="Scenario: Login using valid credentials 12" time="0"/>
  <testcase name="Then I should be on the login page" classname="Scenario: Login using valid credentials 12" time="0"/>
  <testcase name="And I enter &quot;batch08@codegator.us.basic&quot; username" classname="Scenario: Login using valid credentials 12" time="0"/>
  <testcase name="And I enter &quot;Welcome2&quot; password" classname="Scenario: Login using valid credentials 12" time="0"/>
  <testcase name="When I click the login button" classname="Scenario: Login using valid credentials 12" time="0"/>
  <testcase name="Then I should see the home page" classname="Scenario: Login using valid credentials 12" time="0"/>
  <testcase name="Scenario: Login using valid credentials 12" classname="Scenario: Login using valid credentials 12" time="0.001"/>
  <testcase name="Given I open chrome browser" classname="Scenario: Login using valid credentials 13" time="0.001"/>
  <testcase name="When I visit the qa environment" classname="Scenario: Login using valid credentials 13" time="0"/>
  <testcase name="Then I should be on the login page" classname="Scenario: Login using valid credentials 13" time="0"/>
  <testcase name="And I enter &quot;batch08@codegator.us.basic&quot; username" classname="Scenario: Login using valid credentials 13" time="0"/>
  <testcase name="And I enter &quot;Welcome2&quot; password" classname="Scenario: Login using valid credentials 13" time="0.001"/>
  <testcase name="When I click the login button" classname="Scenario: Login using valid credentials 13" time="0"/>
  <testcase name="Then I should see the home page" classname="Scenario: Login using valid credentials 13" time="0"/>
  <testcase name="Scenario: Login using valid credentials 13" classname="Scenario: Login using valid credentials 13" time="0"/>
  <testcase name="Given I open chrome browser" classname="Scenario: Login using valid credentials 14" time="0"/>
  <testcase name="When I visit the qa environment" classname="Scenario: Login using valid credentials 14" time="0"/>
  <testcase name="Then I should be on the login page" classname="Scenario: Login using valid credentials 14" time="0"/>
  <testcase name="And I enter &quot;batch08@codegator.us.basic&quot; username" classname="Scenario: Login using valid credentials 14" time="0"/>
  <testcase name="And I enter &quot;Welcome2&quot; password" classname="Scenario: Login using valid credentials 14" time="0"/>
  <testcase name="When I click the login button" classname="Scenario: Login using valid credentials 14" time="0"/>
  <testcase name="Then I should see the home page" classname="Scenario: Login using valid credentials 14" time="0"/>
  <testcase name="Scenario: Login using valid credentials 14" classname="Scenario: Login using valid credentials 14" time="0.001"/>
  <testcase name="Given I open chrome browser" classname="Scenario: Login using valid credentials 15" time="0"/>
  <testcase name="When I visit the qa environment" classname="Scenario: Login using valid credentials 15" time="0"/>
  <testcase name="Then I should be on the login page" classname="Scenario: Login using valid credentials 15" time="0"/>
  <testcase name="And I enter &quot;batch08@codegator.us.basic&quot; username" classname="Scenario: Login using valid credentials 15" time="0"/>
  <testcase name="And I enter &quot;Welcome2&quot; password" classname="Scenario: Login using valid credentials 15" time="0"/>
  <testcase name="When I click the login button" classname="Scenario: Login using valid credentials 15" time="0"/>
  <testcase name="Then I should see the home page" classname="Scenario: Login using valid credentials 15" time="0"/>
  <testcase name="Scenario: Login using valid credentials 15" classname="Scenario: Login using valid credentials 15" time="0"/>
  <testcase name="Given I open chrome browser" classname="Scenario: Login using valid credentials 16" time="0"/>
  <testcase name="When I visit the qa environment" classname="Scenario: Login using valid credentials 16" time="0"/>
  <testcase name="Then I should be on the login page" classname="Scenario: Login using valid credentials 16" time="0.001"/>
  <testcase name="And I enter &quot;batch08@codegator.us.basic&quot; username" classname="Scenario: Login using valid credentials 16" time="0"/>
  <testcase name="And I enter &quot;Welcome2&quot; password" classname="Scenario: Login using valid credentials 16" time="0.001"/>
  <testcase name="When I click the login button" classname="Scenario: Login using valid credentials 16" time="0"/>
  <testcase name="Then I should see the home page" classname="Scenario: Login using valid credentials 16" time="0"/>
  <testcase name="Scenario: Login using valid credentials 16" classname="Scenario: Login using valid credentials 16" time="0.005"/>
</testsuite>